# JRE version: OpenJDK Runtime Environment (17.0.6) (build 17.0.6+0-b2043.56-9586694)
# Java VM: OpenJDK 64-Bit Server VM (17.0.6+0-b2043.56-9586694, mixed mode, tiered, compressed oops, compressed class ptrs, g1 gc, windows-amd64)
GC Precious Log:
 CPUs: 8 total, 8 available
 Memory: 15931M
 Large Page Support: Disabled
 NUMA Support: Disabled
 Compressed Oops: Enabled (32-bit)
 Heap Region Size: 1M
 Heap Min Capacity: 8M
 Heap Initial Capacity: 250M
 Heap Max Capacity: 2G
 Pre-touch: Disabled
 Parallel Workers: 8
 Concurrent Workers: 2
 Concurrent Refinement Workers: 8
 Periodic GC: Disabled
Heap:
 garbage-first heap   total 483328K, used 217287K [0x0000000080000000, 0x0000000100000000)
  region size 1024K, 2 young (2048K), 2 survivors (2048K)
 Metaspace       used 130471K, committed 131520K, reserved 1163264K
  class space    used 17105K, committed 17600K, reserved 1048576K
GC Heap History (20 events):
Event: 5320.024 GC heap after
{Heap after GC invocations=38 (full 0):
 garbage-first heap   total 396288K, used 153748K [0x0000000080000000, 0x0000000100000000)
  region size 1024K, 2 young (2048K), 2 survivors (2048K)
 Metaspace       used 95381K, committed 96448K, reserved 1138688K
  class space    used 12428K, committed 12928K, reserved 1048576K
}
Event: 5320.434 GC heap before
{Heap before GC invocations=38 (full 0):
 garbage-first heap   total 396288K, used 174228K [0x0000000080000000, 0x0000000100000000)
  region size 1024K, 23 young (23552K), 2 survivors (2048K)
 Metaspace       used 99035K, committed 100160K, reserved 1138688K
  class space    used 12806K, committed 13312K, reserved 1048576K
}
Event: 5320.438 GC heap after
{Heap after GC invocations=39 (full 0):
 garbage-first heap   total 396288K, used 153743K [0x0000000080000000, 0x0000000100000000)
  region size 1024K, 2 young (2048K), 2 survivors (2048K)
 Metaspace       used 99035K, committed 100160K, reserved 1138688K
  class space    used 12806K, committed 13312K, reserved 1048576K
}
Event: 5328.014 GC heap before
{Heap before GC invocations=40 (full 0):
 garbage-first heap   total 396288K, used 329871K [0x0000000080000000, 0x0000000100000000)
  region size 1024K, 168 young (172032K), 2 survivors (2048K)
 Metaspace       used 109247K, committed 110208K, reserved 1146880K
  class space    used 14369K, committed 14848K, reserved 1048576K
}
Event: 5328.025 GC heap after
{Heap after GC invocations=41 (full 0):
 garbage-first heap   total 396288K, used 167188K [0x0000000080000000, 0x0000000100000000)
  region size 1024K, 16 young (16384K), 16 survivors (16384K)
 Metaspace       used 109247K, committed 110208K, reserved 1146880K
  class space    used 14369K, committed 14848K, reserved 1048576K
}
Event: 5328.033 GC heap before
{Heap before GC invocations=41 (full 0):
 garbage-first heap   total 396288K, used 170260K [0x0000000080000000, 0x0000000100000000)
  region size 1024K, 19 young (19456K), 16 survivors (16384K)
 Metaspace       used 109277K, committed 110272K, reserved 1146880K
  class space    used 14378K, committed 14848K, reserved 1048576K
}
Event: 5328.068 GC heap after
{Heap after GC invocations=42 (full 0):
 garbage-first heap   total 396288K, used 165209K [0x0000000080000000, 0x0000000100000000)
  region size 1024K, 2 young (2048K), 2 survivors (2048K)
 Metaspace       used 109277K, committed 110272K, reserved 1146880K
  class space    used 14378K, committed 14848K, reserved 1048576K
}
Event: 5386.546 GC heap before
{Heap before GC invocations=42 (full 0):
 garbage-first heap   total 396288K, used 321881K [0x0000000080000000, 0x0000000100000000)
  region size 1024K, 156 young (159744K), 2 survivors (2048K)
 Metaspace       used 111173K, committed 112192K, reserved 1146880K
  class space    used 14480K, committed 14976K, reserved 1048576K
}
Event: 5386.555 GC heap after
{Heap after GC invocations=43 (full 0):
 garbage-first heap   total 396288K, used 172922K [0x0000000080000000, 0x0000000100000000)
  region size 1024K, 10 young (10240K), 10 survivors (10240K)
 Metaspace       used 111173K, committed 112192K, reserved 1146880K
  class space    used 14480K, committed 14976K, reserved 1048576K
}
Event: 5392.967 GC heap before
{Heap before GC invocations=44 (full 0):
 garbage-first heap   total 396288K, used 353146K [0x0000000080000000, 0x0000000100000000)
  region size 1024K, 158 young (161792K), 10 survivors (10240K)
 Metaspace       used 114816K, committed 115904K, reserved 1155072K
  class space    used 14876K, committed 15360K, reserved 1048576K
}
Event: 5392.982 GC heap after
{Heap after GC invocations=45 (full 0):
 garbage-first heap   total 396288K, used 214032K [0x0000000080000000, 0x0000000100000000)
  region size 1024K, 20 young (20480K), 20 survivors (20480K)
 Metaspace       used 114816K, committed 115904K, reserved 1155072K
  class space    used 14876K, committed 15360K, reserved 1048576K
}
Event: 5392.988 GC heap before
{Heap before GC invocations=45 (full 0):
 garbage-first heap   total 396288K, used 215056K [0x0000000080000000, 0x0000000100000000)
  region size 1024K, 21 young (21504K), 20 survivors (20480K)
 Metaspace       used 114849K, committed 115904K, reserved 1155072K
  class space    used 14882K, committed 15360K, reserved 1048576K
}
Event: 5393.003 GC heap after
{Heap after GC invocations=46 (full 0):
 garbage-first heap   total 396288K, used 212685K [0x0000000080000000, 0x0000000100000000)
  region size 1024K, 2 young (2048K), 2 survivors (2048K)
 Metaspace       used 114849K, committed 115904K, reserved 1155072K
  class space    used 14882K, committed 15360K, reserved 1048576K
}
Event: 5416.306 GC heap before
{Heap before GC invocations=46 (full 0):
 garbage-first heap   total 396288K, used 275149K [0x0000000080000000, 0x0000000100000000)
  region size 1024K, 65 young (66560K), 2 survivors (2048K)
 Metaspace       used 120301K, committed 121408K, reserved 1155072K
  class space    used 15650K, committed 16128K, reserved 1048576K
}
Event: 5416.312 GC heap after
{Heap after GC invocations=47 (full 0):
 garbage-first heap   total 396288K, used 215418K [0x0000000080000000, 0x0000000100000000)
  region size 1024K, 5 young (5120K), 5 survivors (5120K)
 Metaspace       used 120301K, committed 121408K, reserved 1155072K
  class space    used 15650K, committed 16128K, reserved 1048576K
}
Event: 5417.462 GC heap before
{Heap before GC invocations=48 (full 0):
 garbage-first heap   total 396288K, used 331130K [0x0000000080000000, 0x0000000100000000)
  region size 1024K, 116 young (118784K), 5 survivors (5120K)
 Metaspace       used 130409K, committed 131520K, reserved 1163264K
  class space    used 17099K, committed 17600K, reserved 1048576K
}
Event: 5417.471 GC heap after
{Heap after GC invocations=49 (full 0):
 garbage-first heap   total 396288K, used 220681K [0x0000000080000000, 0x0000000100000000)
  region size 1024K, 8 young (8192K), 8 survivors (8192K)
 Metaspace       used 130409K, committed 131520K, reserved 1163264K
  class space    used 17099K, committed 17600K, reserved 1048576K
}
Event: 5417.496 GC heap before
{Heap before GC invocations=49 (full 0):
 garbage-first heap   total 396288K, used 231945K [0x0000000080000000, 0x0000000100000000)
  region size 1024K, 19 young (19456K), 8 survivors (8192K)
 Metaspace       used 130409K, committed 131520K, reserved 1163264K
  class space    used 17099K, committed 17600K, reserved 1048576K
}
Event: 5417.522 GC heap after
{Heap after GC invocations=50 (full 0):
 garbage-first heap   total 396288K, used 218808K [0x0000000080000000, 0x0000000100000000)
  region size 1024K, 1 young (1024K), 1 survivors (1024K)
 Metaspace       used 130409K, committed 131520K, reserved 1163264K
  class space    used 17099K, committed 17600K, reserved 1048576K
}
Event: 5417.858 GC heap before
{Heap before GC invocations=50 (full 0):
 garbage-first heap   total 396288K, used 297656K [0x0000000080000000, 0x0000000100000000)
  region size 1024K, 79 young (80896K), 1 survivors (1024K)
 Metaspace       used 130471K, committed 131520K, reserved 1163264K
  class space    used 17105K, committed 17600K, reserved 1048576K
}

